<?xml version="1.0" encoding="UTF-8"?>
<!-- Generated by org.testng.reporters.JUnitXMLReporter -->
<testsuite hostname="DESKTOP-HF0T45B" ignored="12" name="Default test" tests="1" failures="0" timestamp="21 Sep 2021 06:03:53 GMT" time="8.687" errors="0">
  <testcase name="VerifylowerText" time="0.067" classname="com.test.DashboardTest"/>
  <testcase name="verifyOperatorLink" time="0.0" classname="com.test.DashboardTest">
    <ignored/>
  </testcase> <!-- verifyOperatorLink -->
  <testcase name="VerifyCoursesColour" time="0.0" classname="com.test.DashboardTest">
    <ignored/>
  </testcase> <!-- VerifyCoursesColour -->
  <testcase name="verifyDownloadLink" time="0.0" classname="com.test.DashboardTest">
    <ignored/>
  </testcase> <!-- verifyDownloadLink -->
  <testcase name="verifyLogoutLink" time="0.0" classname="com.test.DashboardTest">
    <ignored/>
  </testcase> <!-- verifyLogoutLink -->
  <testcase name="verifyMoreInfoText" time="0.0" classname="com.test.DashboardTest">
    <ignored/>
  </testcase> <!-- verifyMoreInfoText -->
  <testcase name="verifyreadCourses" time="0.0" classname="com.test.DashboardTest">
    <ignored/>
  </testcase> <!-- verifyreadCourses -->
  <testcase name="verifyuserLink" time="0.0" classname="com.test.DashboardTest">
    <ignored/>
  </testcase> <!-- verifyuserLink -->
  <testcase name="verifyUsefulLink" time="0.0" classname="com.test.DashboardTest">
    <ignored/>
  </testcase> <!-- verifyUsefulLink -->
  <testcase name="verifySideMenu" time="0.0" classname="com.test.DashboardTest">
    <ignored/>
  </testcase> <!-- verifySideMenu -->
  <testcase name="verifycourseIcons" time="0.0" classname="com.test.DashboardTest">
    <ignored/>
  </testcase> <!-- verifycourseIcons -->
  <testcase name="loginUser" time="0.0" classname="com.test.DashboardTest">
    <ignored/>
  </testcase> <!-- loginUser -->
  <testcase name="verifyMoreInfoLink" time="0.0" classname="com.test.DashboardTest">
    <ignored/>
  </testcase> <!-- verifyMoreInfoLink -->
</testsuite> <!-- Default test -->
